<?xml version="1.0" encoding="UTF-8"?>
<!-- Generated by org.testng.reporters.JUnitXMLReporter -->
<testsuite ignored="0" hostname="LAPTOP-8GM7S38Q" failures="0" tests="4" name="Default test" time="10.723" errors="0" timestamp="2024-04-01T17:14:12 IST">
  <testcase classname="api.tests.UserTests" name="testCreateUser" time="3.617"/>
  <testcase classname="api.tests.UserTests" name="testRetrieveUser" time="1.344"/>
  <testcase classname="api.tests.UserTests" name="testUpdateUser" time="2.697"/>
  <testcase classname="api.tests.UserTests" name="testDeleteUser" time="2.772"/>
</testsuite> <!-- Default test -->
