<?xml version="1.0" encoding="UTF-8"?>
<!-- Generated by org.testng.reporters.JUnitXMLReporter -->
<testsuite ignored="0" hostname="LAPTOP-8GM7S38Q" failures="0" tests="4" name="Test" time="11.697" errors="0" timestamp="2024-04-01T17:22:30 IST">
  <testcase classname="api.tests.UserTests" name="testCreateUser" time="3.798"/>
  <testcase classname="api.tests.UserTests" name="testRetrieveUser" time="1.413"/>
  <testcase classname="api.tests.UserTests" name="testUpdateUser" time="3.464"/>
  <testcase classname="api.tests.UserTests" name="testDeleteUser" time="2.771"/>
</testsuite> <!-- Test -->
