<?xml version="1.0" encoding="UTF-8"?>
<testng-results ignored="0" total="4" passed="4" failed="0" skipped="0">
  <reporter-output>
  </reporter-output>
  <suite started-at="2024-04-01T17:22:19 IST" name="Suite" finished-at="2024-04-01T17:22:30 IST" duration-ms="11697">
    <groups>
    </groups>
    <test started-at="2024-04-01T17:22:19 IST" name="Test" finished-at="2024-04-01T17:22:30 IST" duration-ms="11697">
      <class name="api.tests.UserTests">
        <test-method is-config="true" signature="prepareData()[pri:0, instance:api.tests.UserTests@2ef3eef9]" started-at="2024-04-01T17:22:19 IST" name="prepareData" finished-at="2024-04-01T17:22:19 IST" duration-ms="210" status="PASS">
          <reporter-output>
          </reporter-output>
        </test-method> <!-- prepareData -->
        <test-method signature="testCreateUser()[pri:0, instance:api.tests.UserTests@2ef3eef9]" started-at="2024-04-01T17:22:19 IST" name="testCreateUser" finished-at="2024-04-01T17:22:23 IST" duration-ms="3798" status="PASS">
          <reporter-output>
          </reporter-output>
        </test-method> <!-- testCreateUser -->
        <test-method signature="testRetrieveUser()[pri:1, instance:api.tests.UserTests@2ef3eef9]" started-at="2024-04-01T17:22:23 IST" name="testRetrieveUser" finished-at="2024-04-01T17:22:24 IST" duration-ms="1413" status="PASS">
          <reporter-output>
          </reporter-output>
        </test-method> <!-- testRetrieveUser -->
        <test-method signature="testUpdateUser()[pri:2, instance:api.tests.UserTests@2ef3eef9]" started-at="2024-04-01T17:22:24 IST" name="testUpdateUser" finished-at="2024-04-01T17:22:28 IST" duration-ms="3464" status="PASS">
          <reporter-output>
          </reporter-output>
        </test-method> <!-- testUpdateUser -->
        <test-method signature="testDeleteUser()[pri:3, instance:api.tests.UserTests@2ef3eef9]" started-at="2024-04-01T17:22:28 IST" name="testDeleteUser" finished-at="2024-04-01T17:22:30 IST" duration-ms="2771" status="PASS">
          <reporter-output>
          </reporter-output>
        </test-method> <!-- testDeleteUser -->
      </class> <!-- api.tests.UserTests -->
    </test> <!-- Test -->
  </suite> <!-- Suite -->
</testng-results>
